{"/Users/xuzhi/Desktop/GenZlator-v2/src/frontend/web-app/src/App.tsx": {"path":"/Users/xuzhi/Desktop/GenZlator-v2/src/frontend/web-app/src/App.tsx","all":true,"statementMap":{"0":{"start":{"line":1,"column":0},"end":{"line":1,"column":18}},"1":{"start":{"line":2,"column":0},"end":{"line":2,"column":40}},"2":{"start":{"line":3,"column":0},"end":{"line":3,"column":40}},"3":{"start":{"line":4,"column":0},"end":{"line":4,"column":56}},"4":{"start":{"line":5,"column":0},"end":{"line":5,"column":54}},"6":{"start":{"line":7,"column":0},"end":{"line":7,"column":33}},"8":{"start":{"line":9,"column":0},"end":{"line":9,"column":16}},"9":{"start":{"line":10,"column":0},"end":{"line":10,"column":45}},"10":{"start":{"line":11,"column":0},"end":{"line":11,"column":56}},"11":{"start":{"line":12,"column":0},"end":{"line":12,"column":58}},"12":{"start":{"line":13,"column":0},"end":{"line":13,"column":17}},"13":{"start":{"line":14,"column":0},"end":{"line":14,"column":22}},"14":{"start":{"line":15,"column":0},"end":{"line":15,"column":7}},"16":{"start":{"line":17,"column":0},"end":{"line":17,"column":25}},"17":{"start":{"line":18,"column":0},"end":{"line":18,"column":45}},"18":{"start":{"line":19,"column":0},"end":{"line":19,"column":37}},"20":{"start":{"line":21,"column":0},"end":{"line":21,"column":10}},"21":{"start":{"line":22,"column":0},"end":{"line":22,"column":28}},"22":{"start":{"line":23,"column":0},"end":{"line":23,"column":16}},"23":{"start":{"line":24,"column":0},"end":{"line":24,"column":32}},"24":{"start":{"line":25,"column":0},"end":{"line":25,"column":195}},"26":{"start":{"line":27,"column":0},"end":{"line":27,"column":111}},"27":{"start":{"line":28,"column":0},"end":{"line":28,"column":76}},"28":{"start":{"line":29,"column":0},"end":{"line":29,"column":58}},"29":{"start":{"line":30,"column":0},"end":{"line":30,"column":38}},"30":{"start":{"line":31,"column":0},"end":{"line":31,"column":65}},"31":{"start":{"line":32,"column":0},"end":{"line":32,"column":14}},"32":{"start":{"line":33,"column":0},"end":{"line":33,"column":39}},"33":{"start":{"line":34,"column":0},"end":{"line":34,"column":36}},"34":{"start":{"line":35,"column":0},"end":{"line":35,"column":29}},"35":{"start":{"line":36,"column":0},"end":{"line":36,"column":30}},"36":{"start":{"line":37,"column":0},"end":{"line":37,"column":13}},"38":{"start":{"line":39,"column":0},"end":{"line":39,"column":16}},"39":{"start":{"line":40,"column":0},"end":{"line":40,"column":16}},"40":{"start":{"line":41,"column":0},"end":{"line":41,"column":18}},"41":{"start":{"line":42,"column":0},"end":{"line":42,"column":13}},"42":{"start":{"line":43,"column":0},"end":{"line":43,"column":16}},"43":{"start":{"line":44,"column":0},"end":{"line":44,"column":10}},"45":{"start":{"line":46,"column":0},"end":{"line":46,"column":1}},"47":{"start":{"line":48,"column":0},"end":{"line":48,"column":18}}},"s":{"0":0,"1":0,"2":0,"3":0,"4":0,"6":0,"8":0,"9":0,"10":0,"11":0,"12":0,"13":0,"14":0,"16":0,"17":0,"18":0,"20":0,"21":0,"22":0,"23":0,"24":0,"26":0,"27":0,"28":0,"29":0,"30":0,"31":0,"32":0,"33":0,"34":0,"35":0,"36":0,"38":0,"39":0,"40":0,"41":0,"42":0,"43":0,"45":0,"47":0},"branchMap":{"0":{"type":"branch","line":1,"loc":{"start":{"line":1,"column":0},"end":{"line":48,"column":-940}},"locations":[{"start":{"line":1,"column":0},"end":{"line":48,"column":-940}}]}},"b":{"0":[0]},"fnMap":{"0":{"name":"(empty-report)","decl":{"start":{"line":1,"column":0},"end":{"line":48,"column":-940}},"loc":{"start":{"line":1,"column":0},"end":{"line":48,"column":-940}},"line":1}},"f":{"0":0}}
,"/Users/xuzhi/Desktop/GenZlator-v2/src/frontend/web-app/src/main.tsx": {"path":"/Users/xuzhi/Desktop/GenZlator-v2/src/frontend/web-app/src/main.tsx","all":true,"statementMap":{"0":{"start":{"line":1,"column":0},"end":{"line":1,"column":34}},"1":{"start":{"line":2,"column":0},"end":{"line":2,"column":45}},"2":{"start":{"line":3,"column":0},"end":{"line":3,"column":20}},"3":{"start":{"line":4,"column":0},"end":{"line":4,"column":27}},"4":{"start":{"line":5,"column":0},"end":{"line":5,"column":41}},"6":{"start":{"line":7,"column":0},"end":{"line":7,"column":52}},"7":{"start":{"line":8,"column":0},"end":{"line":8,"column":14}},"8":{"start":{"line":9,"column":0},"end":{"line":9,"column":11}},"9":{"start":{"line":10,"column":0},"end":{"line":10,"column":40}},"10":{"start":{"line":11,"column":0},"end":{"line":11,"column":16}},"11":{"start":{"line":12,"column":0},"end":{"line":12,"column":1}}},"s":{"0":0,"1":0,"2":0,"3":0,"4":0,"6":0,"7":0,"8":0,"9":0,"10":0,"11":0},"branchMap":{"0":{"type":"branch","line":1,"loc":{"start":{"line":1,"column":312},"end":{"line":12,"column":1}},"locations":[{"start":{"line":1,"column":312},"end":{"line":12,"column":1}}]}},"b":{"0":[0]},"fnMap":{"0":{"name":"(empty-report)","decl":{"start":{"line":1,"column":312},"end":{"line":12,"column":1}},"loc":{"start":{"line":1,"column":312},"end":{"line":12,"column":1}},"line":1}},"f":{"0":0}}
,"/Users/xuzhi/Desktop/GenZlator-v2/src/frontend/web-app/src/components/Footer.tsx": {"path":"/Users/xuzhi/Desktop/GenZlator-v2/src/frontend/web-app/src/components/Footer.tsx","all":true,"statementMap":{"0":{"start":{"line":1,"column":0},"end":{"line":1,"column":34}},"1":{"start":{"line":2,"column":0},"end":{"line":2,"column":39}},"3":{"start":{"line":4,"column":0},"end":{"line":4,"column":10}},"4":{"start":{"line":5,"column":0},"end":{"line":5,"column":55}},"5":{"start":{"line":6,"column":0},"end":{"line":6,"column":38}},"6":{"start":{"line":7,"column":0},"end":{"line":7,"column":38}},"7":{"start":{"line":8,"column":0},"end":{"line":8,"column":76}},"8":{"start":{"line":9,"column":0},"end":{"line":9,"column":78}},"9":{"start":{"line":10,"column":0},"end":{"line":10,"column":67}},"10":{"start":{"line":11,"column":0},"end":{"line":11,"column":12}},"11":{"start":{"line":12,"column":0},"end":{"line":12,"column":13}},"13":{"start":{"line":14,"column":0},"end":{"line":14,"column":1}}},"s":{"0":0,"1":0,"3":0,"4":0,"5":0,"6":0,"7":0,"8":0,"9":0,"10":0,"11":0,"13":0},"branchMap":{"0":{"type":"branch","line":1,"loc":{"start":{"line":1,"column":0},"end":{"line":14,"column":-326}},"locations":[{"start":{"line":1,"column":0},"end":{"line":14,"column":-326}}]}},"b":{"0":[0]},"fnMap":{"0":{"name":"(empty-report)","decl":{"start":{"line":1,"column":0},"end":{"line":14,"column":-326}},"loc":{"start":{"line":1,"column":0},"end":{"line":14,"column":-326}},"line":1}},"f":{"0":0}}
,"/Users/xuzhi/Desktop/GenZlator-v2/src/frontend/web-app/src/components/Header.tsx": {"path":"/Users/xuzhi/Desktop/GenZlator-v2/src/frontend/web-app/src/components/Header.tsx","all":true,"statementMap":{"0":{"start":{"line":1,"column":0},"end":{"line":1,"column":44}},"2":{"start":{"line":3,"column":0},"end":{"line":3,"column":34}},"3":{"start":{"line":4,"column":0},"end":{"line":4,"column":38}},"5":{"start":{"line":6,"column":0},"end":{"line":6,"column":10}},"6":{"start":{"line":7,"column":0},"end":{"line":7,"column":50}},"7":{"start":{"line":8,"column":0},"end":{"line":8,"column":58}},"8":{"start":{"line":9,"column":0},"end":{"line":9,"column":52}},"9":{"start":{"line":10,"column":0},"end":{"line":10,"column":33}},"10":{"start":{"line":11,"column":0},"end":{"line":11,"column":12}},"11":{"start":{"line":12,"column":0},"end":{"line":12,"column":13}},"12":{"start":{"line":13,"column":0},"end":{"line":13,"column":32}},"13":{"start":{"line":14,"column":0},"end":{"line":14,"column":24}},"14":{"start":{"line":15,"column":0},"end":{"line":15,"column":76}},"16":{"start":{"line":17,"column":0},"end":{"line":17,"column":38}},"17":{"start":{"line":18,"column":0},"end":{"line":18,"column":15}},"18":{"start":{"line":19,"column":0},"end":{"line":19,"column":13}},"20":{"start":{"line":21,"column":0},"end":{"line":21,"column":1}}},"s":{"0":0,"2":0,"3":0,"5":0,"6":0,"7":0,"8":0,"9":0,"10":0,"11":0,"12":0,"13":0,"14":0,"16":0,"17":0,"18":0,"20":0},"branchMap":{"0":{"type":"branch","line":1,"loc":{"start":{"line":1,"column":0},"end":{"line":21,"column":-321}},"locations":[{"start":{"line":1,"column":0},"end":{"line":21,"column":-321}}]}},"b":{"0":[0]},"fnMap":{"0":{"name":"(empty-report)","decl":{"start":{"line":1,"column":0},"end":{"line":21,"column":-321}},"loc":{"start":{"line":1,"column":0},"end":{"line":21,"column":-321}},"line":1}},"f":{"0":0}}
,"/Users/xuzhi/Desktop/GenZlator-v2/src/frontend/web-app/src/components/SuggestionBox.tsx": {"path":"/Users/xuzhi/Desktop/GenZlator-v2/src/frontend/web-app/src/components/SuggestionBox.tsx","all":false,"statementMap":{"0":{"start":{"line":1,"column":0},"end":{"line":1,"column":52}},"13":{"start":{"line":14,"column":0},"end":{"line":14,"column":67}},"14":{"start":{"line":15,"column":0},"end":{"line":15,"column":61}},"15":{"start":{"line":16,"column":0},"end":{"line":16,"column":52}},"17":{"start":{"line":18,"column":0},"end":{"line":18,"column":59}},"18":{"start":{"line":19,"column":0},"end":{"line":19,"column":51}},"21":{"start":{"line":22,"column":0},"end":{"line":22,"column":42}},"22":{"start":{"line":23,"column":0},"end":{"line":23,"column":13}},"23":{"start":{"line":24,"column":0},"end":{"line":24,"column":80}},"24":{"start":{"line":25,"column":0},"end":{"line":25,"column":28}},"25":{"start":{"line":26,"column":0},"end":{"line":26,"column":59}},"26":{"start":{"line":27,"column":0},"end":{"line":27,"column":34}},"27":{"start":{"line":28,"column":0},"end":{"line":28,"column":23}},"28":{"start":{"line":29,"column":0},"end":{"line":29,"column":28}},"29":{"start":{"line":30,"column":0},"end":{"line":30,"column":53}},"30":{"start":{"line":31,"column":0},"end":{"line":31,"column":31}},"31":{"start":{"line":32,"column":0},"end":{"line":32,"column":9}},"33":{"start":{"line":34,"column":0},"end":{"line":34,"column":5}},"36":{"start":{"line":37,"column":0},"end":{"line":37,"column":45}},"37":{"start":{"line":38,"column":0},"end":{"line":38,"column":73}},"38":{"start":{"line":39,"column":0},"end":{"line":39,"column":29}},"39":{"start":{"line":40,"column":0},"end":{"line":40,"column":9}},"40":{"start":{"line":41,"column":0},"end":{"line":41,"column":5}},"43":{"start":{"line":44,"column":0},"end":{"line":44,"column":21}},"44":{"start":{"line":45,"column":0},"end":{"line":45,"column":72}},"45":{"start":{"line":46,"column":0},"end":{"line":46,"column":82}},"46":{"start":{"line":47,"column":0},"end":{"line":47,"column":52}},"48":{"start":{"line":49,"column":0},"end":{"line":49,"column":67}},"49":{"start":{"line":50,"column":0},"end":{"line":50,"column":66}},"51":{"start":{"line":52,"column":0},"end":{"line":52,"column":79}},"52":{"start":{"line":53,"column":0},"end":{"line":53,"column":9}},"53":{"start":{"line":54,"column":0},"end":{"line":54,"column":31}},"54":{"start":{"line":55,"column":0},"end":{"line":55,"column":85}},"55":{"start":{"line":56,"column":0},"end":{"line":56,"column":9}},"57":{"start":{"line":58,"column":0},"end":{"line":58,"column":21}},"60":{"start":{"line":61,"column":0},"end":{"line":61,"column":41}},"61":{"start":{"line":62,"column":0},"end":{"line":62,"column":62}},"62":{"start":{"line":63,"column":0},"end":{"line":63,"column":8}},"64":{"start":{"line":65,"column":0},"end":{"line":65,"column":11}},"65":{"start":{"line":66,"column":0},"end":{"line":66,"column":74}},"66":{"start":{"line":67,"column":0},"end":{"line":67,"column":76}},"67":{"start":{"line":68,"column":0},"end":{"line":68,"column":38}},"68":{"start":{"line":69,"column":0},"end":{"line":69,"column":54}},"69":{"start":{"line":70,"column":0},"end":{"line":70,"column":178}},"70":{"start":{"line":71,"column":0},"end":{"line":71,"column":171}},"71":{"start":{"line":72,"column":0},"end":{"line":72,"column":126}},"72":{"start":{"line":73,"column":0},"end":{"line":73,"column":16}},"73":{"start":{"line":74,"column":0},"end":{"line":74,"column":135}},"74":{"start":{"line":75,"column":0},"end":{"line":75,"column":18}},"76":{"start":{"line":77,"column":0},"end":{"line":77,"column":1}}},"s":{"0":1,"13":20,"14":20,"15":20,"17":20,"18":20,"21":20,"22":1,"23":1,"24":1,"25":1,"26":1,"27":1,"28":0,"29":0,"30":0,"31":0,"33":1,"36":20,"37":0,"38":0,"39":0,"40":0,"43":20,"44":1,"45":0,"46":0,"48":0,"49":0,"51":0,"52":0,"53":1,"54":1,"55":1,"57":20,"60":20,"61":0,"62":0,"64":20,"65":20,"66":20,"67":20,"68":20,"69":20,"70":20,"71":20,"72":20,"73":20,"74":20,"76":20},"branchMap":{"0":{"type":"branch","line":14,"loc":{"start":{"line":14,"column":0},"end":{"line":77,"column":1}},"locations":[{"start":{"line":14,"column":0},"end":{"line":77,"column":1}}]},"1":{"type":"branch","line":71,"loc":{"start":{"line":71,"column":115},"end":{"line":71,"column":137}},"locations":[{"start":{"line":71,"column":115},"end":{"line":71,"column":137}}]},"2":{"type":"branch","line":74,"loc":{"start":{"line":74,"column":11},"end":{"line":74,"column":135}},"locations":[{"start":{"line":74,"column":11},"end":{"line":74,"column":135}}]},"3":{"type":"branch","line":22,"loc":{"start":{"line":22,"column":29},"end":{"line":34,"column":5}},"locations":[{"start":{"line":22,"column":29},"end":{"line":34,"column":5}}]},"4":{"type":"branch","line":28,"loc":{"start":{"line":28,"column":8},"end":{"line":32,"column":9}},"locations":[{"start":{"line":28,"column":8},"end":{"line":32,"column":9}}]},"5":{"type":"branch","line":44,"loc":{"start":{"line":44,"column":14},"end":{"line":58,"column":7}},"locations":[{"start":{"line":44,"column":14},"end":{"line":58,"column":7}}]},"6":{"type":"branch","line":45,"loc":{"start":{"line":45,"column":12},"end":{"line":45,"column":52}},"locations":[{"start":{"line":45,"column":12},"end":{"line":45,"column":52}}]},"7":{"type":"branch","line":45,"loc":{"start":{"line":45,"column":41},"end":{"line":45,"column":71}},"locations":[{"start":{"line":45,"column":41},"end":{"line":45,"column":71}}]},"8":{"type":"branch","line":45,"loc":{"start":{"line":45,"column":71},"end":{"line":53,"column":9}},"locations":[{"start":{"line":45,"column":71},"end":{"line":53,"column":9}}]},"9":{"type":"branch","line":70,"loc":{"start":{"line":70,"column":78},"end":{"line":70,"column":117}},"locations":[{"start":{"line":70,"column":78},"end":{"line":70,"column":117}}]}},"b":{"0":[20],"1":[0],"2":[0],"3":[1],"4":[0],"5":[1],"6":[0],"7":[0],"8":[0],"9":[18]},"fnMap":{"0":{"name":"SuggestionBox","decl":{"start":{"line":14,"column":0},"end":{"line":77,"column":1}},"loc":{"start":{"line":14,"column":0},"end":{"line":77,"column":1}},"line":14},"1":{"name":"handleSuggestion","decl":{"start":{"line":22,"column":29},"end":{"line":34,"column":5}},"loc":{"start":{"line":22,"column":29},"end":{"line":34,"column":5}},"line":22},"2":{"name":"handleClickOutsidePicker","decl":{"start":{"line":37,"column":37},"end":{"line":41,"column":5}},"loc":{"start":{"line":37,"column":37},"end":{"line":41,"column":5}},"line":37},"3":{"name":"handleEmojiClick","decl":{"start":{"line":61,"column":29},"end":{"line":63,"column":8}},"loc":{"start":{"line":61,"column":29},"end":{"line":63,"column":8}},"line":61},"4":{"name":"onChange","decl":{"start":{"line":70,"column":78},"end":{"line":70,"column":117}},"loc":{"start":{"line":70,"column":78},"end":{"line":70,"column":117}},"line":70},"5":{"name":"onClick","decl":{"start":{"line":71,"column":72},"end":{"line":71,"column":103}},"loc":{"start":{"line":71,"column":72},"end":{"line":71,"column":103}},"line":71}},"f":{"0":20,"1":1,"2":0,"3":0,"4":18,"5":0}}
,"/Users/xuzhi/Desktop/GenZlator-v2/src/frontend/web-app/src/components/TranslationBox.tsx": {"path":"/Users/xuzhi/Desktop/GenZlator-v2/src/frontend/web-app/src/components/TranslationBox.tsx","all":false,"statementMap":{"0":{"start":{"line":1,"column":0},"end":{"line":1,"column":52}},"23":{"start":{"line":24,"column":0},"end":{"line":24,"column":128}},"24":{"start":{"line":25,"column":0},"end":{"line":25,"column":51}},"25":{"start":{"line":26,"column":0},"end":{"line":26,"column":53}},"26":{"start":{"line":27,"column":0},"end":{"line":27,"column":50}},"27":{"start":{"line":28,"column":0},"end":{"line":28,"column":52}},"28":{"start":{"line":29,"column":0},"end":{"line":29,"column":52}},"34":{"start":{"line":35,"column":0},"end":{"line":35,"column":38}},"35":{"start":{"line":36,"column":0},"end":{"line":36,"column":76}},"37":{"start":{"line":38,"column":0},"end":{"line":38,"column":119}},"38":{"start":{"line":39,"column":0},"end":{"line":39,"column":59}},"39":{"start":{"line":40,"column":0},"end":{"line":40,"column":51}},"42":{"start":{"line":43,"column":0},"end":{"line":43,"column":21}},"43":{"start":{"line":44,"column":0},"end":{"line":44,"column":57}},"44":{"start":{"line":45,"column":0},"end":{"line":45,"column":77}},"45":{"start":{"line":46,"column":0},"end":{"line":46,"column":56}},"46":{"start":{"line":47,"column":0},"end":{"line":47,"column":36}},"47":{"start":{"line":48,"column":0},"end":{"line":48,"column":13}},"48":{"start":{"line":49,"column":0},"end":{"line":49,"column":33}},"50":{"start":{"line":51,"column":0},"end":{"line":51,"column":22}},"51":{"start":{"line":52,"column":0},"end":{"line":52,"column":46}},"52":{"start":{"line":53,"column":0},"end":{"line":53,"column":59}},"53":{"start":{"line":54,"column":0},"end":{"line":54,"column":13}},"54":{"start":{"line":55,"column":0},"end":{"line":55,"column":10}},"56":{"start":{"line":57,"column":0},"end":{"line":57,"column":20}},"59":{"start":{"line":60,"column":0},"end":{"line":60,"column":21}},"60":{"start":{"line":61,"column":0},"end":{"line":61,"column":42}},"61":{"start":{"line":62,"column":0},"end":{"line":62,"column":55}},"62":{"start":{"line":63,"column":0},"end":{"line":63,"column":9}},"63":{"start":{"line":64,"column":0},"end":{"line":64,"column":20}},"66":{"start":{"line":67,"column":0},"end":{"line":67,"column":42}},"68":{"start":{"line":69,"column":0},"end":{"line":69,"column":107}},"69":{"start":{"line":70,"column":0},"end":{"line":70,"column":69}},"70":{"start":{"line":71,"column":0},"end":{"line":71,"column":25}},"71":{"start":{"line":72,"column":0},"end":{"line":72,"column":29}},"73":{"start":{"line":74,"column":0},"end":{"line":74,"column":40}},"74":{"start":{"line":75,"column":0},"end":{"line":75,"column":48}},"75":{"start":{"line":76,"column":0},"end":{"line":76,"column":53}},"76":{"start":{"line":77,"column":0},"end":{"line":77,"column":9}},"78":{"start":{"line":79,"column":0},"end":{"line":79,"column":49}},"79":{"start":{"line":80,"column":0},"end":{"line":80,"column":49}},"80":{"start":{"line":81,"column":0},"end":{"line":81,"column":41}},"81":{"start":{"line":82,"column":0},"end":{"line":82,"column":13}},"82":{"start":{"line":83,"column":0},"end":{"line":83,"column":90}},"83":{"start":{"line":84,"column":0},"end":{"line":84,"column":32}},"84":{"start":{"line":85,"column":0},"end":{"line":85,"column":49}},"85":{"start":{"line":86,"column":0},"end":{"line":86,"column":32}},"86":{"start":{"line":87,"column":0},"end":{"line":87,"column":36}},"87":{"start":{"line":88,"column":0},"end":{"line":88,"column":51}},"88":{"start":{"line":89,"column":0},"end":{"line":89,"column":13}},"89":{"start":{"line":90,"column":0},"end":{"line":90,"column":23}},"90":{"start":{"line":91,"column":0},"end":{"line":91,"column":44}},"91":{"start":{"line":92,"column":0},"end":{"line":92,"column":51}},"92":{"start":{"line":93,"column":0},"end":{"line":93,"column":20}},"94":{"start":{"line":95,"column":0},"end":{"line":95,"column":32}},"95":{"start":{"line":96,"column":0},"end":{"line":96,"column":75}},"96":{"start":{"line":97,"column":0},"end":{"line":97,"column":59}},"97":{"start":{"line":98,"column":0},"end":{"line":98,"column":13}},"98":{"start":{"line":99,"column":0},"end":{"line":99,"column":47}},"99":{"start":{"line":100,"column":0},"end":{"line":100,"column":9}},"100":{"start":{"line":101,"column":0},"end":{"line":101,"column":26}},"101":{"start":{"line":102,"column":0},"end":{"line":102,"column":5}},"104":{"start":{"line":105,"column":0},"end":{"line":105,"column":53}},"105":{"start":{"line":106,"column":0},"end":{"line":106,"column":13}},"106":{"start":{"line":107,"column":0},"end":{"line":107,"column":60}},"107":{"start":{"line":108,"column":0},"end":{"line":108,"column":28}},"108":{"start":{"line":109,"column":0},"end":{"line":109,"column":37}},"109":{"start":{"line":110,"column":0},"end":{"line":110,"column":23}},"110":{"start":{"line":111,"column":0},"end":{"line":111,"column":28}},"111":{"start":{"line":112,"column":0},"end":{"line":112,"column":42}},"112":{"start":{"line":113,"column":0},"end":{"line":113,"column":31}},"113":{"start":{"line":114,"column":0},"end":{"line":114,"column":9}},"114":{"start":{"line":115,"column":0},"end":{"line":115,"column":5}},"117":{"start":{"line":118,"column":0},"end":{"line":118,"column":48}},"118":{"start":{"line":119,"column":0},"end":{"line":119,"column":45}},"120":{"start":{"line":121,"column":0},"end":{"line":121,"column":27}},"121":{"start":{"line":122,"column":0},"end":{"line":122,"column":28}},"122":{"start":{"line":123,"column":0},"end":{"line":123,"column":19}},"123":{"start":{"line":124,"column":0},"end":{"line":124,"column":9}},"124":{"start":{"line":125,"column":0},"end":{"line":125,"column":23}},"125":{"start":{"line":126,"column":0},"end":{"line":126,"column":13}},"126":{"start":{"line":127,"column":0},"end":{"line":127,"column":65}},"127":{"start":{"line":128,"column":0},"end":{"line":128,"column":28}},"128":{"start":{"line":129,"column":0},"end":{"line":129,"column":57}},"129":{"start":{"line":130,"column":0},"end":{"line":130,"column":23}},"130":{"start":{"line":131,"column":0},"end":{"line":131,"column":28}},"131":{"start":{"line":132,"column":0},"end":{"line":132,"column":51}},"132":{"start":{"line":133,"column":0},"end":{"line":133,"column":31}},"133":{"start":{"line":134,"column":0},"end":{"line":134,"column":9}},"135":{"start":{"line":136,"column":0},"end":{"line":136,"column":5}},"138":{"start":{"line":139,"column":0},"end":{"line":139,"column":30}},"139":{"start":{"line":140,"column":0},"end":{"line":140,"column":116}},"140":{"start":{"line":141,"column":0},"end":{"line":141,"column":29}},"141":{"start":{"line":142,"column":0},"end":{"line":142,"column":29}},"142":{"start":{"line":143,"column":0},"end":{"line":143,"column":33}},"143":{"start":{"line":144,"column":0},"end":{"line":144,"column":28}},"145":{"start":{"line":146,"column":0},"end":{"line":146,"column":24}},"146":{"start":{"line":147,"column":0},"end":{"line":147,"column":29}},"148":{"start":{"line":149,"column":0},"end":{"line":149,"column":77}},"152":{"start":{"line":153,"column":0},"end":{"line":153,"column":6}},"155":{"start":{"line":156,"column":0},"end":{"line":156,"column":45}},"156":{"start":{"line":157,"column":0},"end":{"line":157,"column":73}},"157":{"start":{"line":158,"column":0},"end":{"line":158,"column":29}},"158":{"start":{"line":159,"column":0},"end":{"line":159,"column":9}},"159":{"start":{"line":160,"column":0},"end":{"line":160,"column":5}},"162":{"start":{"line":163,"column":0},"end":{"line":163,"column":21}},"163":{"start":{"line":164,"column":0},"end":{"line":164,"column":72}},"164":{"start":{"line":165,"column":0},"end":{"line":165,"column":82}},"165":{"start":{"line":166,"column":0},"end":{"line":166,"column":52}},"167":{"start":{"line":168,"column":0},"end":{"line":168,"column":67}},"168":{"start":{"line":169,"column":0},"end":{"line":169,"column":66}},"170":{"start":{"line":171,"column":0},"end":{"line":171,"column":79}},"171":{"start":{"line":172,"column":0},"end":{"line":172,"column":9}},"172":{"start":{"line":173,"column":0},"end":{"line":173,"column":31}},"173":{"start":{"line":174,"column":0},"end":{"line":174,"column":82}},"174":{"start":{"line":175,"column":0},"end":{"line":175,"column":9}},"176":{"start":{"line":177,"column":0},"end":{"line":177,"column":21}},"179":{"start":{"line":180,"column":0},"end":{"line":180,"column":41}},"180":{"start":{"line":181,"column":0},"end":{"line":181,"column":57}},"181":{"start":{"line":182,"column":0},"end":{"line":182,"column":8}},"183":{"start":{"line":184,"column":0},"end":{"line":184,"column":29}},"184":{"start":{"line":185,"column":0},"end":{"line":185,"column":65}},"186":{"start":{"line":187,"column":0},"end":{"line":187,"column":41}},"187":{"start":{"line":188,"column":0},"end":{"line":188,"column":168}},"188":{"start":{"line":189,"column":0},"end":{"line":189,"column":5}},"190":{"start":{"line":191,"column":0},"end":{"line":191,"column":11}},"191":{"start":{"line":192,"column":0},"end":{"line":192,"column":51}},"192":{"start":{"line":193,"column":0},"end":{"line":193,"column":50}},"193":{"start":{"line":194,"column":0},"end":{"line":194,"column":51}},"194":{"start":{"line":195,"column":0},"end":{"line":195,"column":71}},"195":{"start":{"line":196,"column":0},"end":{"line":196,"column":71}},"196":{"start":{"line":197,"column":0},"end":{"line":197,"column":34}},"197":{"start":{"line":198,"column":0},"end":{"line":198,"column":50}},"198":{"start":{"line":199,"column":0},"end":{"line":199,"column":45}},"199":{"start":{"line":200,"column":0},"end":{"line":200,"column":72}},"200":{"start":{"line":201,"column":0},"end":{"line":201,"column":75}},"201":{"start":{"line":202,"column":0},"end":{"line":202,"column":26}},"202":{"start":{"line":203,"column":0},"end":{"line":203,"column":63}},"203":{"start":{"line":204,"column":0},"end":{"line":204,"column":187}},"204":{"start":{"line":205,"column":0},"end":{"line":205,"column":108}},"205":{"start":{"line":206,"column":0},"end":{"line":206,"column":51}},"206":{"start":{"line":207,"column":0},"end":{"line":207,"column":33}},"207":{"start":{"line":208,"column":0},"end":{"line":208,"column":30}},"208":{"start":{"line":209,"column":0},"end":{"line":209,"column":26}},"209":{"start":{"line":210,"column":0},"end":{"line":210,"column":130}},"210":{"start":{"line":211,"column":0},"end":{"line":211,"column":51}},"211":{"start":{"line":212,"column":0},"end":{"line":212,"column":71}},"212":{"start":{"line":213,"column":0},"end":{"line":213,"column":72}},"213":{"start":{"line":214,"column":0},"end":{"line":214,"column":34}},"214":{"start":{"line":215,"column":0},"end":{"line":215,"column":50}},"215":{"start":{"line":216,"column":0},"end":{"line":216,"column":46}},"216":{"start":{"line":217,"column":0},"end":{"line":217,"column":36}},"217":{"start":{"line":218,"column":0},"end":{"line":218,"column":73}},"218":{"start":{"line":219,"column":0},"end":{"line":219,"column":26}},"219":{"start":{"line":220,"column":0},"end":{"line":220,"column":63}},"220":{"start":{"line":221,"column":0},"end":{"line":221,"column":216}},"221":{"start":{"line":222,"column":0},"end":{"line":222,"column":222}},"222":{"start":{"line":223,"column":0},"end":{"line":223,"column":52}},"223":{"start":{"line":224,"column":0},"end":{"line":224,"column":33}},"224":{"start":{"line":225,"column":0},"end":{"line":225,"column":30}},"225":{"start":{"line":226,"column":0},"end":{"line":226,"column":26}},"226":{"start":{"line":227,"column":0},"end":{"line":227,"column":23}},"227":{"start":{"line":228,"column":0},"end":{"line":228,"column":178}},"228":{"start":{"line":229,"column":0},"end":{"line":229,"column":133}},"229":{"start":{"line":230,"column":0},"end":{"line":230,"column":18}},"231":{"start":{"line":232,"column":0},"end":{"line":232,"column":1}}},"s":{"0":1,"23":9,"24":9,"25":9,"26":9,"27":9,"28":9,"34":9,"35":9,"37":9,"38":9,"39":9,"42":9,"43":7,"44":0,"45":0,"46":0,"47":0,"48":7,"50":7,"51":7,"52":7,"53":7,"54":7,"56":9,"59":9,"60":3,"61":3,"62":3,"63":9,"66":9,"68":1,"69":1,"70":1,"71":1,"73":1,"74":0,"75":0,"76":0,"78":1,"79":1,"80":1,"81":1,"82":1,"83":1,"84":1,"85":1,"86":1,"87":1,"88":1,"89":1,"90":0,"91":0,"92":0,"94":0,"95":0,"96":0,"97":0,"98":0,"99":0,"100":1,"101":1,"104":9,"105":0,"106":0,"107":0,"108":0,"109":0,"110":0,"111":0,"112":0,"113":0,"114":0,"117":9,"118":0,"120":0,"121":0,"122":0,"123":0,"124":0,"125":0,"126":0,"127":0,"128":0,"129":0,"130":0,"131":0,"132":0,"133":0,"135":0,"138":9,"139":0,"140":0,"141":0,"142":0,"143":0,"145":0,"146":0,"148":0,"152":0,"155":9,"156":0,"157":0,"158":0,"159":0,"162":9,"163":2,"164":0,"165":0,"167":0,"168":0,"170":0,"171":0,"172":2,"173":2,"174":2,"176":9,"179":9,"180":0,"181":0,"183":9,"184":9,"186":9,"187":18,"188":18,"190":9,"191":9,"192":9,"193":9,"194":9,"195":9,"196":9,"197":9,"198":9,"199":9,"200":9,"201":9,"202":9,"203":9,"204":9,"205":9,"206":9,"207":9,"208":9,"209":9,"210":9,"211":9,"212":9,"213":9,"214":9,"215":9,"216":9,"217":9,"218":9,"219":9,"220":9,"221":9,"222":9,"223":9,"224":9,"225":9,"226":9,"227":9,"228":9,"229":9,"231":9},"branchMap":{"0":{"type":"branch","line":24,"loc":{"start":{"line":24,"column":0},"end":{"line":232,"column":1}},"locations":[{"start":{"line":24,"column":0},"end":{"line":232,"column":1}}]},"1":{"type":"branch","line":195,"loc":{"start":{"line":195,"column":29},"end":{"line":195,"column":54}},"locations":[{"start":{"line":195,"column":29},"end":{"line":195,"column":54}}]},"2":{"type":"branch","line":204,"loc":{"start":{"line":204,"column":131},"end":{"line":204,"column":153}},"locations":[{"start":{"line":204,"column":131},"end":{"line":204,"column":153}}]},"3":{"type":"branch","line":210,"loc":{"start":{"line":210,"column":71},"end":{"line":210,"column":100}},"locations":[{"start":{"line":210,"column":71},"end":{"line":210,"column":100}}]},"4":{"type":"branch","line":212,"loc":{"start":{"line":212,"column":29},"end":{"line":212,"column":49}},"locations":[{"start":{"line":212,"column":29},"end":{"line":212,"column":49}}]},"5":{"type":"branch","line":221,"loc":{"start":{"line":221,"column":124},"end":{"line":221,"column":144}},"locations":[{"start":{"line":221,"column":124},"end":{"line":221,"column":144}}]},"6":{"type":"branch","line":221,"loc":{"start":{"line":221,"column":156},"end":{"line":221,"column":180}},"locations":[{"start":{"line":221,"column":156},"end":{"line":221,"column":180}}]},"7":{"type":"branch","line":222,"loc":{"start":{"line":222,"column":125},"end":{"line":222,"column":145}},"locations":[{"start":{"line":222,"column":125},"end":{"line":222,"column":145}}]},"8":{"type":"branch","line":222,"loc":{"start":{"line":222,"column":157},"end":{"line":222,"column":184}},"locations":[{"start":{"line":222,"column":157},"end":{"line":222,"column":184}}]},"9":{"type":"branch","line":229,"loc":{"start":{"line":229,"column":9},"end":{"line":229,"column":133}},"locations":[{"start":{"line":229,"column":9},"end":{"line":229,"column":133}}]},"10":{"type":"branch","line":43,"loc":{"start":{"line":43,"column":14},"end":{"line":57,"column":7}},"locations":[{"start":{"line":43,"column":14},"end":{"line":57,"column":7}}]},"11":{"type":"branch","line":51,"loc":{"start":{"line":51,"column":15},"end":{"line":55,"column":10}},"locations":[{"start":{"line":51,"column":15},"end":{"line":55,"column":10}}]},"12":{"type":"branch","line":60,"loc":{"start":{"line":60,"column":14},"end":{"line":64,"column":7}},"locations":[{"start":{"line":60,"column":14},"end":{"line":64,"column":7}}]},"13":{"type":"branch","line":67,"loc":{"start":{"line":67,"column":30},"end":{"line":102,"column":5}},"locations":[{"start":{"line":67,"column":30},"end":{"line":102,"column":5}}]},"14":{"type":"branch","line":69,"loc":{"start":{"line":69,"column":58},"end":{"line":69,"column":98}},"locations":[{"start":{"line":69,"column":58},"end":{"line":69,"column":98}}]},"15":{"type":"branch","line":69,"loc":{"start":{"line":69,"column":98},"end":{"line":69,"column":107}},"locations":[{"start":{"line":69,"column":98},"end":{"line":69,"column":107}}]},"16":{"type":"branch","line":74,"loc":{"start":{"line":74,"column":39},"end":{"line":77,"column":9}},"locations":[{"start":{"line":74,"column":39},"end":{"line":77,"column":9}}]},"17":{"type":"branch","line":90,"loc":{"start":{"line":90,"column":8},"end":{"line":100,"column":9}},"locations":[{"start":{"line":90,"column":8},"end":{"line":100,"column":9}}]},"18":{"type":"branch","line":163,"loc":{"start":{"line":163,"column":14},"end":{"line":177,"column":7}},"locations":[{"start":{"line":163,"column":14},"end":{"line":177,"column":7}}]},"19":{"type":"branch","line":164,"loc":{"start":{"line":164,"column":12},"end":{"line":164,"column":52}},"locations":[{"start":{"line":164,"column":12},"end":{"line":164,"column":52}}]},"20":{"type":"branch","line":164,"loc":{"start":{"line":164,"column":41},"end":{"line":164,"column":71}},"locations":[{"start":{"line":164,"column":41},"end":{"line":164,"column":71}}]},"21":{"type":"branch","line":164,"loc":{"start":{"line":164,"column":71},"end":{"line":172,"column":9}},"locations":[{"start":{"line":164,"column":71},"end":{"line":172,"column":9}}]},"22":{"type":"branch","line":187,"loc":{"start":{"line":187,"column":23},"end":{"line":189,"column":5}},"locations":[{"start":{"line":187,"column":23},"end":{"line":189,"column":5}}]},"23":{"type":"branch","line":200,"loc":{"start":{"line":200,"column":38},"end":{"line":200,"column":72}},"locations":[{"start":{"line":200,"column":38},"end":{"line":200,"column":72}}]}},"b":{"0":[9],"1":[0],"2":[0],"3":[0],"4":[0],"5":[0],"6":[0],"7":[0],"8":[0],"9":[0],"10":[7],"11":[7],"12":[3],"13":[1],"14":[0],"15":[0],"16":[0],"17":[0],"18":[2],"19":[0],"20":[0],"21":[0],"22":[18],"23":[5]},"fnMap":{"0":{"name":"TranslationBox","decl":{"start":{"line":24,"column":0},"end":{"line":232,"column":1}},"loc":{"start":{"line":24,"column":0},"end":{"line":232,"column":1}},"line":24},"1":{"name":"handleTranslation","decl":{"start":{"line":67,"column":30},"end":{"line":102,"column":5}},"loc":{"start":{"line":67,"column":30},"end":{"line":102,"column":5}},"line":67},"2":{"name":"handleCopy","decl":{"start":{"line":105,"column":23},"end":{"line":115,"column":5}},"loc":{"start":{"line":105,"column":23},"end":{"line":115,"column":5}},"line":105},"3":{"name":"handleRating","decl":{"start":{"line":118,"column":25},"end":{"line":136,"column":5}},"loc":{"start":{"line":118,"column":25},"end":{"line":136,"column":5}},"line":118},"4":{"name":"handleSwap","decl":{"start":{"line":139,"column":23},"end":{"line":153,"column":6}},"loc":{"start":{"line":139,"column":23},"end":{"line":153,"column":6}},"line":139},"5":{"name":"handleClickOutsidePicker","decl":{"start":{"line":156,"column":37},"end":{"line":160,"column":5}},"loc":{"start":{"line":156,"column":37},"end":{"line":160,"column":5}},"line":156},"6":{"name":"handleEmojiClick","decl":{"start":{"line":180,"column":29},"end":{"line":182,"column":8}},"loc":{"start":{"line":180,"column":29},"end":{"line":182,"column":8}},"line":180},"7":{"name":"copyButton","decl":{"start":{"line":187,"column":23},"end":{"line":189,"column":5}},"loc":{"start":{"line":187,"column":23},"end":{"line":189,"column":5}},"line":187},"8":{"name":"onClick","decl":{"start":{"line":188,"column":100},"end":{"line":188,"column":124}},"loc":{"start":{"line":188,"column":100},"end":{"line":188,"column":124}},"line":188},"9":{"name":"onChange","decl":{"start":{"line":200,"column":38},"end":{"line":200,"column":72}},"loc":{"start":{"line":200,"column":38},"end":{"line":200,"column":72}},"line":200},"10":{"name":"onClick","decl":{"start":{"line":204,"column":88},"end":{"line":204,"column":119}},"loc":{"start":{"line":204,"column":88},"end":{"line":204,"column":119}},"line":204},"11":{"name":"onClick","decl":{"start":{"line":221,"column":67},"end":{"line":221,"column":91}},"loc":{"start":{"line":221,"column":67},"end":{"line":221,"column":91}},"line":221},"12":{"name":"onClick","decl":{"start":{"line":222,"column":67},"end":{"line":222,"column":92}},"loc":{"start":{"line":222,"column":67},"end":{"line":222,"column":92}},"line":222}},"f":{"0":9,"1":1,"2":0,"3":0,"4":0,"5":0,"6":0,"7":18,"8":0,"9":5,"10":0,"11":0,"12":0}}
,"/Users/xuzhi/Desktop/GenZlator-v2/src/frontend/web-app/src/hooks/backend.tsx": {"path":"/Users/xuzhi/Desktop/GenZlator-v2/src/frontend/web-app/src/hooks/backend.tsx","all":true,"statementMap":{"1":{"start":{"line":2,"column":0},"end":{"line":2,"column":62}},"2":{"start":{"line":3,"column":0},"end":{"line":3,"column":18}},"4":{"start":{"line":5,"column":0},"end":{"line":5,"column":30}},"5":{"start":{"line":6,"column":0},"end":{"line":6,"column":57}},"6":{"start":{"line":7,"column":0},"end":{"line":7,"column":2}},"8":{"start":{"line":9,"column":0},"end":{"line":9,"column":98}},"9":{"start":{"line":10,"column":0},"end":{"line":10,"column":15}},"11":{"start":{"line":12,"column":0},"end":{"line":12,"column":45}},"13":{"start":{"line":14,"column":0},"end":{"line":14,"column":32}},"15":{"start":{"line":16,"column":0},"end":{"line":16,"column":103}},"16":{"start":{"line":17,"column":0},"end":{"line":17,"column":77}},"17":{"start":{"line":18,"column":0},"end":{"line":18,"column":5}},"19":{"start":{"line":20,"column":0},"end":{"line":20,"column":66}},"20":{"start":{"line":21,"column":0},"end":{"line":21,"column":23}},"21":{"start":{"line":22,"column":0},"end":{"line":22,"column":18}},"22":{"start":{"line":23,"column":0},"end":{"line":23,"column":47}},"23":{"start":{"line":24,"column":0},"end":{"line":24,"column":10}},"24":{"start":{"line":25,"column":0},"end":{"line":25,"column":30}},"25":{"start":{"line":26,"column":0},"end":{"line":26,"column":39}},"26":{"start":{"line":27,"column":0},"end":{"line":27,"column":31}},"27":{"start":{"line":28,"column":0},"end":{"line":28,"column":34}},"28":{"start":{"line":29,"column":0},"end":{"line":29,"column":11}},"29":{"start":{"line":30,"column":0},"end":{"line":30,"column":22}},"30":{"start":{"line":31,"column":0},"end":{"line":31,"column":7}},"32":{"start":{"line":33,"column":0},"end":{"line":33,"column":23}},"33":{"start":{"line":34,"column":0},"end":{"line":34,"column":46}},"34":{"start":{"line":35,"column":0},"end":{"line":35,"column":5}},"36":{"start":{"line":37,"column":0},"end":{"line":37,"column":39}},"37":{"start":{"line":38,"column":0},"end":{"line":38,"column":34}},"39":{"start":{"line":40,"column":0},"end":{"line":40,"column":1}},"41":{"start":{"line":42,"column":0},"end":{"line":42,"column":93}},"42":{"start":{"line":43,"column":0},"end":{"line":43,"column":15}},"43":{"start":{"line":44,"column":0},"end":{"line":44,"column":28}},"44":{"start":{"line":45,"column":0},"end":{"line":45,"column":119}},"45":{"start":{"line":46,"column":0},"end":{"line":46,"column":15}},"46":{"start":{"line":47,"column":0},"end":{"line":47,"column":5}},"48":{"start":{"line":49,"column":0},"end":{"line":49,"column":65}},"49":{"start":{"line":50,"column":0},"end":{"line":50,"column":23}},"50":{"start":{"line":51,"column":0},"end":{"line":51,"column":18}},"51":{"start":{"line":52,"column":0},"end":{"line":52,"column":47}},"52":{"start":{"line":53,"column":0},"end":{"line":53,"column":10}},"53":{"start":{"line":54,"column":0},"end":{"line":54,"column":30}},"54":{"start":{"line":55,"column":0},"end":{"line":55,"column":37}},"55":{"start":{"line":56,"column":0},"end":{"line":56,"column":39}},"56":{"start":{"line":57,"column":0},"end":{"line":57,"column":44}},"57":{"start":{"line":58,"column":0},"end":{"line":58,"column":26}},"58":{"start":{"line":59,"column":0},"end":{"line":59,"column":11}},"59":{"start":{"line":60,"column":0},"end":{"line":60,"column":7}},"61":{"start":{"line":62,"column":0},"end":{"line":62,"column":23}},"62":{"start":{"line":63,"column":0},"end":{"line":63,"column":43}},"63":{"start":{"line":64,"column":0},"end":{"line":64,"column":5}},"65":{"start":{"line":66,"column":0},"end":{"line":66,"column":26}},"66":{"start":{"line":67,"column":0},"end":{"line":67,"column":11}},"68":{"start":{"line":69,"column":0},"end":{"line":69,"column":1}}},"s":{"1":0,"2":0,"4":0,"5":0,"6":0,"8":0,"9":0,"11":0,"13":0,"15":0,"16":0,"17":0,"19":0,"20":0,"21":0,"22":0,"23":0,"24":0,"25":0,"26":0,"27":0,"28":0,"29":0,"30":0,"32":0,"33":0,"34":0,"36":0,"37":0,"39":0,"41":0,"42":0,"43":0,"44":0,"45":0,"46":0,"48":0,"49":0,"50":0,"51":0,"52":0,"53":0,"54":0,"55":0,"56":0,"57":0,"58":0,"59":0,"61":0,"62":0,"63":0,"65":0,"66":0,"68":0},"branchMap":{"0":{"type":"branch","line":1,"loc":{"start":{"line":1,"column":1847},"end":{"line":69,"column":1}},"locations":[{"start":{"line":1,"column":1847},"end":{"line":69,"column":1}}]}},"b":{"0":[1]},"fnMap":{"0":{"name":"(empty-report)","decl":{"start":{"line":1,"column":1847},"end":{"line":69,"column":1}},"loc":{"start":{"line":1,"column":1847},"end":{"line":69,"column":1}},"line":1}},"f":{"0":1}}
,"/Users/xuzhi/Desktop/GenZlator-v2/src/frontend/web-app/src/hooks/useTheme.ts": {"path":"/Users/xuzhi/Desktop/GenZlator-v2/src/frontend/web-app/src/hooks/useTheme.ts","all":true,"statementMap":{"0":{"start":{"line":1,"column":0},"end":{"line":1,"column":43}},"4":{"start":{"line":5,"column":0},"end":{"line":5,"column":38}},"5":{"start":{"line":6,"column":0},"end":{"line":6,"column":62}},"6":{"start":{"line":7,"column":0},"end":{"line":7,"column":60}},"7":{"start":{"line":8,"column":0},"end":{"line":8,"column":81}},"8":{"start":{"line":9,"column":0},"end":{"line":9,"column":39}},"9":{"start":{"line":10,"column":0},"end":{"line":10,"column":1}},"11":{"start":{"line":12,"column":0},"end":{"line":12,"column":28}},"12":{"start":{"line":13,"column":0},"end":{"line":13,"column":62}},"14":{"start":{"line":15,"column":0},"end":{"line":15,"column":19}},"15":{"start":{"line":16,"column":0},"end":{"line":16,"column":62}},"16":{"start":{"line":17,"column":0},"end":{"line":17,"column":40}},"17":{"start":{"line":18,"column":0},"end":{"line":18,"column":13}},"19":{"start":{"line":20,"column":0},"end":{"line":20,"column":73}},"21":{"start":{"line":22,"column":0},"end":{"line":22,"column":26}},"22":{"start":{"line":23,"column":0},"end":{"line":23,"column":1}}},"s":{"0":0,"4":0,"5":0,"6":0,"7":0,"8":0,"9":0,"11":0,"12":0,"14":0,"15":0,"16":0,"17":0,"19":0,"21":0,"22":0},"branchMap":{"0":{"type":"branch","line":1,"loc":{"start":{"line":1,"column":0},"end":{"line":23,"column":-37}},"locations":[{"start":{"line":1,"column":0},"end":{"line":23,"column":-37}}]}},"b":{"0":[0]},"fnMap":{"0":{"name":"(empty-report)","decl":{"start":{"line":1,"column":0},"end":{"line":23,"column":-37}},"loc":{"start":{"line":1,"column":0},"end":{"line":23,"column":-37}},"line":1}},"f":{"0":0}}
}
